5.85048
1.91888
3.60725
1.8446
0.291308
3.01635
2.43643
0.954438
1.94299
1.53158
4.11132
0.503802
3.3495
4.52632
2.54223
6.45709
6.83981
4.45952
4.98678
4.37024
1.80616
0.911233
1.40302
0.899124
3.50919
11.8225
0.392857
1.11131
4.21659
3.3186
0.667176
2.26252
0.494911
5.97481
1.59924
3.08012
1.83324
1.07347
0.744452
0.3883
4.62259
0.14202
2.28037
0.592021
1.18955
3.07097
7.3875
3.7783
5.24713
13.5491
2.93305
5.15981
2.29585
1.51363
1.53192
1.84611
3.08154
10.5702
1.42086
1.42378
0.435791
8.15534
4.54096
2.29382
1.90469
6.59035
1.64825
3.24179
3.20472
9.90562
3.77134
6.24705
1.8079
0.960573
0.211001
2.43378
1.76287
2.61128
1.0961
1.24947
4.4167
4.87412
0.988309
2.58805
1.49816
4.29213
0.0355399
3.34549
0.324776
0.776488
3.09826
1.47265
1.52804
4.97633
1.51816
1.45263
7.32232
3.43583
2.35728
2.86359
2.16106
5.16463
1.35659
1.49078
1.34786
3.13933
1.21485
2.80135
1.07849
1.20869
3.47209
4.15065
3.3037
3.64032
0.715394
1.14542
0.911817
3.25581
2.42142
4.46204
5.54006
9.32854
1.16302
4.48713
5.22652
4.44294
0.147178
4.51408
1.17023
5.95063
2.77918
0.226863
6.0825
2.2496
1.41972
4.89384
6.03023
5.03566
6.58771
2.01441
5.62185
4.38935
2.33999
0.253715
4.33482
0.804758
0.423228
2.40682
4.37814
0.442886
6.33289
1.10968
8.00974
1.30315
2.54926
1.36097
2.11516
2.05903
3.07109
2.13972
3.29683
4.73426
2.95781
0.24842
4.32845
2.43845
2.87652
5.40258
6.86738
1.91184
1.10904
1.59597
4.04219
1.52243
5.59469
1.48275
2.47727
1.90967
6.70575
1.95148
0.964184
4.36409
1.20391
0.849971
2.29499
3.78787
0.575006
2.10406
0.885327
6.28763
0.35791
10.7315
3.9926
1.40157
1.20443
0.649134
1.90513
2.00587
4.83721
2.41217
2.77541
1.53021
7.70256
8.90524
0.182547
1.65959
2.14847
2.39166
1.04035
0.554065
8.9937
2.22299
0.724074
3.30386
4.73171
2.30743
5.61011
1.2248
2.182
6.50716
2.14714
7.79827
3.88871
3.4645
3.15272
4.67127
1.85042
4.31333
3.6803
0.770173
0.227975
0.758422
0.794174
7.50485
6.61413
0.646992
3.44026
0.373114
2.53136
1.61873
3.00273
7.63745
0.215053
7.6687
3.82744
2.61506
5.85888
2.27476
3.07843